<?xml version="1.0" encoding="UTF-8"?>
<testsuite xmlns:xsi="http://www.w3.org/2001/XMLSchema-instance" xsi:noNamespaceSchemaLocation="https://maven.apache.org/surefire/maven-surefire-plugin/xsd/surefire-test-report-3.0.xsd" version="3.0" name="com.wiseerp.metadata.controller.TenantAdminControllerTest" time="1.288" tests="1" errors="0" skipped="0" failures="0">
  <properties>
[...]
</properties>
  <testcase name="createTenant_withAdminRole_returnsCreated" classname="com.wiseerp.metadata.controller.TenantAdminControllerTest" time="0.031">
    <system-out><![CDATA[
  .   ____          _            __ _ _
 /\\ / ___'_ __ _ _(_)_ __  __ _ \ \ \ \
( ( )\___ | '_ | '_| | '_ \/ _` | \ \ \ \
 \\/  ___)| |_)| | | | | || (_| |  ) ) ) )
  '  |____| .__|_| |_|_| |_\__, | / / / /
 =========|_|==============|___/=/_/_/_/
 :: Spring Boot ::                (v3.2.0)

2026-01-14T06:48:24.398+03:00  INFO 11752 --- [           main] c.w.m.c.TenantAdminControllerTest        : Starting TenantAdminControllerTest using Java 17.0.17 with PID 11752 (started by PC in D:\2023\wiserp)
2026-01-14T06:48:24.398+03:00 DEBUG 11752 --- [           main] c.w.m.c.TenantAdminControllerTest        : Running with Spring Boot v3.2.0, Spring v6.1.1
2026-01-14T06:48:24.398+03:00  INFO 11752 --- [           main] c.w.m.c.TenantAdminControllerTest        : No active profile set, falling back to 1 default profile: "default"
2026-01-14T06:48:25.499+03:00  INFO 11752 --- [           main] o.s.b.a.e.web.EndpointLinksResolver      : Exposing 3 endpoint(s) beneath base path '/actuator'
2026-01-14T06:48:25.514+03:00  INFO 11752 --- [           main] o.s.s.web.DefaultSecurityFilterChain     : Will secure any request with [org.springframework.security.web.session.DisableEncodeUrlFilter@7111b312, org.springframework.security.web.context.request.async.WebAsyncManagerIntegrationFilter@70d28000, org.springframework.security.web.context.SecurityContextHolderFilter@773236a7, org.springframework.security.web.header.HeaderWriterFilter@195c5803, org.springframework.web.filter.CorsFilter@7f1f6c22, org.springframework.security.web.csrf.CsrfFilter@50dfac19, org.springframework.security.web.authentication.logout.LogoutFilter@1331742, org.springframework.security.oauth2.server.resource.web.authentication.BearerTokenAuthenticationFilter@55c9e012, org.springframework.security.web.savedrequest.RequestCacheAwareFilter@50eaafd6, org.springframework.security.web.servletapi.SecurityContextHolderAwareRequestFilter@6b951ee5, org.springframework.security.web.authentication.AnonymousAuthenticationFilter@77f5cffd, org.springframework.security.web.access.ExceptionTranslationFilter@70385eb1, org.springframework.security.web.access.intercept.AuthorizationFilter@487befb]
2026-01-14T06:48:25.591+03:00  INFO 11752 --- [           main] o.s.b.t.m.w.SpringBootMockServletContext : Initializing Spring TestDispatcherServlet ''
2026-01-14T06:48:25.591+03:00  INFO 11752 --- [           main] o.s.t.web.servlet.TestDispatcherServlet  : Initializing Servlet ''
2026-01-14T06:48:25.592+03:00  INFO 11752 --- [           main] o.s.t.web.servlet.TestDispatcherServlet  : Completed initialization in 1 ms
2026-01-14T06:48:25.613+03:00  INFO 11752 --- [           main] c.w.m.c.TenantAdminControllerTest        : Started TenantAdminControllerTest in 1.243 seconds (process running for 8.621)
2026-01-14T06:48:25.615+03:00  INFO 11752 --- [           main] c.w.m.init.TenantStartupInitializer      : Waiting for database to become ready... (maxAttempts=10, delayMs=2000)
2026-01-14T06:48:25.615+03:00  INFO 11752 --- [           main] c.w.m.init.TenantStartupInitializer      : Database is ready (attempt 1/10)
2026-01-14T06:48:25.615+03:00  INFO 11752 --- [           main] c.w.m.init.TenantStartupInitializer      : Initializing tenant schemas from system.tenants...
2026-01-14T06:48:25.616+03:00  INFO 11752 --- [           main] c.w.m.init.TenantStartupInitializer      : Tenant schema initialization complete.
2026-01-14T06:48:25.627+03:00  WARN 11752 --- [           main] o.s.w.s.h.HandlerMappingIntrospector     : Cache miss for REQUEST dispatch to '/api/system/tenants' (previous null). Performing CorsConfiguration lookup. This is logged once only at WARN level, and every time at TRACE.

MockHttpServletRequest:
      HTTP Method = POST
      Request URI = /api/system/tenants
       Parameters = {}
          Headers = [Content-Type:"application/json;charset=UTF-8", Content-Length:"15"]
             Body = {"name":"Acme"}
    Session Attrs = {}

Handler:
             Type = com.wiseerp.metadata.controller.TenantAdminController
           Method = com.wiseerp.metadata.controller.TenantAdminController#createTenant(TenantCreateRequest)

Async:
    Async started = false
     Async result = null

Resolved Exception:
             Type = null

ModelAndView:
        View name = null
             View = null
            Model = null

FlashMap:
       Attributes = null

MockHttpServletResponse:
           Status = 201
    Error message = null
          Headers = [Vary:"Origin", "Access-Control-Request-Method", "Access-Control-Request-Headers", Location:"/api/system/tenants/cfd857d6-6ebd-431b-9523-73d8e03286bb", Content-Type:"application/json", X-Content-Type-Options:"nosniff", X-XSS-Protection:"0", Cache-Control:"no-cache, no-store, max-age=0, must-revalidate", Pragma:"no-cache", Expires:"0", X-Frame-Options:"DENY"]
     Content type = application/json
             Body = {"id":"cfd857d6-6ebd-431b-9523-73d8e03286bb","name":"Acme","schemaName":"tenant_cfd857d6_6ebd_431b_9523_73d8e03286bb","isActive":true,"createdAt":"2026-01-14T03:48:25.622045900Z"}
    Forwarded URL = null
   Redirected URL = /api/system/tenants/cfd857d6-6ebd-431b-9523-73d8e03286bb
          Cookies = []
]]></system-out>
  </testcase>
</testsuite>